Arguments: 
  /home/dle/.nvm/versions/node/v12.22.5/bin/node /home/dle/.nvm/versions/node/v12.22.5/lib/node_modules/yarn/bin/yarn.js run cloud:RELEASE

PATH: 
  /home/dle/.sdkman/candidates/tomcat/current/bin:/home/dle/.sdkman/candidates/maven/current/bin:/home/dle/.sdkman/candidates/java/current/bin:/home/dle/.sdkman/candidates/groovy/current/bin:/home/dle/.sdkman/candidates/gradle/current/bin:/home/dle/.nvm/versions/node/v12.22.5/bin:/home/dle/.yarn/bin:/home/dle/.config/yarn/global/node_modules/.bin:/home/dle/Android/Sdk/cmdline-tools/latest/bin:/usr/local/sbin:/usr/local/bin:/usr/sbin:/usr/bin:/sbin:/bin:/usr/games:/usr/local/games:/snap/bin:/snap/bin:/home/dle/.local/bin:

Yarn version: 
  1.22.15

Node version: 
  12.22.5

Platform: 
  linux x64

Trace: 
  SyntaxError: /home/dle/DevWork/me/services/cloud/package.json: Unexpected string in JSON at position 132
      at JSON.parse (<anonymous>)
      at /home/dle/.nvm/versions/node/v12.22.5/lib/node_modules/yarn/lib/cli.js:1625:59
      at Generator.next (<anonymous>)
      at step (/home/dle/.nvm/versions/node/v12.22.5/lib/node_modules/yarn/lib/cli.js:310:30)
      at /home/dle/.nvm/versions/node/v12.22.5/lib/node_modules/yarn/lib/cli.js:321:13

npm manifest: 
  {
    "name": "cloud",
    "version": "1.0.2",
    "license": "MIT",
    "scripts": {
      "cloud:BUILD": "./docker.sh",
      "cloud:RELEASE" "./docker.sh -p"
    }
  }

yarn manifest: 
  No manifest

Lockfile: 
  No lockfile
