

> argo@1.11.0 build /home/dle/DevWork/services/argo
> ./docker.sh

eu.gcr.io/dle-dev/argo:latest
***************************************************
****** BUILDING DEVELOPMENT DOCKER CONTAINER ******
***************************************************
[1A[1B[0G[?25l[+] Building 0.0s (0/1)                                                                                              docker:default
[?25h[1A[0G[?25l[+] Building 0.2s (1/2)                                                                                              docker:default
[34m => [internal] load build definition from Dockerfile                                                                           0.0s
[0m[34m => => transferring dockerfile: 396B                                                                                           0.0s
[0m => [internal] load metadata for docker.io/jonoh/cloudflared:latest                                                            0.2s
[?25h[1A[1A[1A[1A[0G[?25l[+] Building 0.3s (1/2)                                                                                              docker:default
[34m => [internal] load build definition from Dockerfile                                                                           0.0s
[0m[34m => => transferring dockerfile: 396B                                                                                           0.0s
[0m => [internal] load metadata for docker.io/jonoh/cloudflared:latest                                                            0.3s
[?25h[1A[1A[1A[1A[0G[?25l[+] Building 0.4s (2/2)                                                                                              docker:default
[34m => [internal] load build definition from Dockerfile                                                                           0.0s
[0m[34m => => transferring dockerfile: 396B                                                                                           0.0s
[0m[34m => [internal] load metadata for docker.io/jonoh/cloudflared:latest                                                            0.4s
[0m[?25h[1A[1A[1A[1A[0G[?25l[+] Building 0.5s (9/10)                                                                                             docker:default
[34m => [internal] load build definition from Dockerfile                                                                           0.0s
[0m[34m => => transferring dockerfile: 396B                                                                                           0.0s
[0m[34m => [internal] load metadata for docker.io/jonoh/cloudflared:latest                                                            0.4s
[0m[34m => [internal] load .dockerignore                                                                                              0.0s
[0m[34m => => transferring context: 2B                                                                                                0.0s
[0m[34m => CACHED [1/5] FROM docker.io/jonoh/cloudflared:latest@sha256:b7d354f48d5eb0ba7d1694a56862b76ae48c5a66ab8be5b03cf7d27baac3d  0.0s
[0m[34m => [internal] load build context                                                                                              0.0s
[0m[34m => => transferring context: 236B                                                                                              0.0s
[0m[34m => [2/5] COPY ./config/cert.pem /usr/local/etc/cloudflared/cert.pem                                                           0.0s
[0m[34m => [3/5] COPY ./config/config.yaml /usr/local/etc/cloudflared/config.yaml                                                     0.0s
[0m[34m => [4/5] COPY ./config/d207d6c3-0a62-4bfa-a910-54bc92923be4.json /usr/local/etc/cloudflared/d207d6c3-0a62-4bfa-a910-54bc9292  0.0s
[0m[34m => [5/5] COPY ./scripts/entrypoint.sh /entrypoint.sh                                                                          0.0s
[0m => exporting to image                                                                                                         0.0s
[34m => => exporting layers                                                                                                        0.0s
[0m[?25h[1A[1A[1A[1A[1A[1A[1A[1A[1A[1A[1A[1A[1A[1A[1A[0G[?25l[+] Building 0.5s (10/10) FINISHED                                                                                   docker:default
[34m => [internal] load build definition from Dockerfile                                                                           0.0s
[0m[34m => => transferring dockerfile: 396B                                                                                           0.0s
[0m[34m => [internal] load metadata for docker.io/jonoh/cloudflared:latest                                                            0.4s
[0m[34m => [internal] load .dockerignore                                                                                              0.0s
[0m[34m => => transferring context: 2B                                                                                                0.0s
[0m[34m => CACHED [1/5] FROM docker.io/jonoh/cloudflared:latest@sha256:b7d354f48d5eb0ba7d1694a56862b76ae48c5a66ab8be5b03cf7d27baac3d  0.0s
[0m[34m => [internal] load build context                                                                                              0.0s
[0m[34m => => transferring context: 236B                                                                                              0.0s
[0m[34m => [2/5] COPY ./config/cert.pem /usr/local/etc/cloudflared/cert.pem                                                           0.0s
[0m[34m => [3/5] COPY ./config/config.yaml /usr/local/etc/cloudflared/config.yaml                                                     0.0s
[0m[34m => [4/5] COPY ./config/d207d6c3-0a62-4bfa-a910-54bc92923be4.json /usr/local/etc/cloudflared/d207d6c3-0a62-4bfa-a910-54bc9292  0.0s
[0m[34m => [5/5] COPY ./scripts/entrypoint.sh /entrypoint.sh                                                                          0.0s
[0m[34m => exporting to image                                                                                                         0.0s
[0m[34m => => exporting layers                                                                                                        0.0s
[0m[34m => => writing image sha256:31660cfbf388768f6e41fef85d9c91bdcae380de5e607ed74e0031b4d314e455                                   0.0s
[0m[34m => => naming to eu.gcr.io/dle-dev/argo:latest                                                                                 0.0s
[0m[?25h
